This file contains any messages produced by compilers while
running configure, to aid debugging if configure makes a mistake.

It was created by Pcap configure 0.5, which was
generated by GNU Autoconf 2.69.  Invocation command line was

  $ //home/gnumonic/Code/Haskell/pcap/configure --with-compiler=ghc --bindir=/home/gnumonic/Code/Haskell/pcap/.stack-work/install/x86_64-linux-tinfo6/5c1256c87d5a417786f93618fe73b623283ef6fe0301c0d850c5f20c30ee3730/8.8.4/bin --libdir=/home/gnumonic/Code/Haskell/pcap/.stack-work/install/x86_64-linux-tinfo6/5c1256c87d5a417786f93618fe73b623283ef6fe0301c0d850c5f20c30ee3730/8.8.4/lib --libexecdir=/home/gnumonic/Code/Haskell/pcap/.stack-work/install/x86_64-linux-tinfo6/5c1256c87d5a417786f93618fe73b623283ef6fe0301c0d850c5f20c30ee3730/8.8.4/libexec --datadir=/home/gnumonic/Code/Haskell/pcap/.stack-work/install/x86_64-linux-tinfo6/5c1256c87d5a417786f93618fe73b623283ef6fe0301c0d850c5f20c30ee3730/8.8.4/share --sysconfdir=/home/gnumonic/Code/Haskell/pcap/.stack-work/install/x86_64-linux-tinfo6/5c1256c87d5a417786f93618fe73b623283ef6fe0301c0d850c5f20c30ee3730/8.8.4/etc CC=/usr/bin/gcc

## --------- ##
## Platform. ##
## --------- ##

hostname = localhost.localdomain
uname -m = x86_64
uname -r = 5.8.15-201.fc32.x86_64
uname -s = Linux
uname -v = #1 SMP Thu Oct 15 15:56:44 UTC 2020

/usr/bin/uname -p = x86_64
/bin/uname -X     = unknown

/bin/arch              = x86_64
/usr/bin/arch -k       = unknown
/usr/convex/getsysinfo = unknown
/usr/bin/hostinfo      = unknown
/bin/machine           = unknown
/usr/bin/oslevel       = unknown
/bin/universe          = unknown

PATH: /home/gnumonic/Code/Haskell/pcap/.stack-work/install/x86_64-linux-tinfo6/5c1256c87d5a417786f93618fe73b623283ef6fe0301c0d850c5f20c30ee3730/8.8.4/bin
PATH: /home/gnumonic/.stack/snapshots/x86_64-linux-tinfo6/5c1256c87d5a417786f93618fe73b623283ef6fe0301c0d850c5f20c30ee3730/8.8.4/bin
PATH: /home/gnumonic/.stack/compiler-tools/x86_64-linux-tinfo6/ghc-8.8.4/bin
PATH: /home/gnumonic/.stack/programs/x86_64-linux/ghc-tinfo6-8.8.4/bin
PATH: /home/gnumonic/.cargo/bin
PATH: /home/gnumonic/.local/bin
PATH: /home/gnumonic/bin
PATH: /usr/local/bin
PATH: /usr/local/sbin
PATH: /usr/bin
PATH: /usr/sbin
PATH: /var/lib/snapd/snap/bin


## ----------- ##
## Core tests. ##
## ----------- ##

configure:2002: checking for gcc
configure:2029: result: /usr/bin/gcc
configure:2258: checking for C compiler version
configure:2267: /usr/bin/gcc --version >&5
gcc (GCC) 10.2.1 20200723 (Red Hat 10.2.1-1)
Copyright (C) 2020 Free Software Foundation, Inc.
This is free software; see the source for copying conditions.  There is NO
warranty; not even for MERCHANTABILITY or FITNESS FOR A PARTICULAR PURPOSE.

configure:2278: $? = 0
configure:2267: /usr/bin/gcc -v >&5
Using built-in specs.
COLLECT_GCC=/usr/bin/gcc
COLLECT_LTO_WRAPPER=/usr/libexec/gcc/x86_64-redhat-linux/10/lto-wrapper
OFFLOAD_TARGET_NAMES=nvptx-none
OFFLOAD_TARGET_DEFAULT=1
Target: x86_64-redhat-linux
Configured with: ../configure --enable-bootstrap --enable-languages=c,c++,fortran,objc,obj-c++,ada,go,d,lto --prefix=/usr --mandir=/usr/share/man --infodir=/usr/share/info --with-bugurl=http://bugzilla.redhat.com/bugzilla --enable-shared --enable-threads=posix --enable-checking=release --enable-multilib --with-system-zlib --enable-__cxa_atexit --disable-libunwind-exceptions --enable-gnu-unique-object --enable-linker-build-id --with-gcc-major-version-only --with-linker-hash-style=gnu --enable-plugin --enable-initfini-array --with-isl --enable-offload-targets=nvptx-none --without-cuda-driver --enable-gnu-indirect-function --enable-cet --with-tune=generic --with-arch_32=i686 --build=x86_64-redhat-linux
Thread model: posix
Supported LTO compression algorithms: zlib zstd
gcc version 10.2.1 20200723 (Red Hat 10.2.1-1) (GCC) 
... rest of stderr output deleted ...
configure:2278: $? = 0
configure:2267: /usr/bin/gcc -V >&5
gcc: error: unrecognized command-line option '-V'
gcc: fatal error: no input files
compilation terminated.
configure:2278: $? = 1
configure:2267: /usr/bin/gcc -qversion >&5
gcc: error: unrecognized command-line option '-qversion'; did you mean '--version'?
gcc: fatal error: no input files
compilation terminated.
configure:2278: $? = 1
configure:2298: checking whether the C compiler works
configure:2320: /usr/bin/gcc -fuse-ld=gold   conftest.c  >&5
configure:2324: $? = 0
configure:2372: result: yes
configure:2375: checking for C compiler default output file name
configure:2377: result: a.out
configure:2383: checking for suffix of executables
configure:2390: /usr/bin/gcc -o conftest -fuse-ld=gold   conftest.c  >&5
configure:2394: $? = 0
configure:2416: result: 
configure:2438: checking whether we are cross compiling
configure:2446: /usr/bin/gcc -o conftest -fuse-ld=gold   conftest.c  >&5
configure:2450: $? = 0
configure:2457: ./conftest
configure:2461: $? = 0
configure:2449: result: no
configure:2454: checking for suffix of object files
configure:2476: /usr/bin/gcc -c -fuse-ld=gold  conftest.c >&5
configure:2480: $? = 0
configure:2501: result: o
configure:2505: checking whether we are using the GNU C compiler
configure:2524: /usr/bin/gcc -c -fuse-ld=gold  conftest.c >&5
configure:2524: $? = 0
configure:2533: result: yes
configure:2542: checking whether /usr/bin/gcc accepts -g
configure:2562: /usr/bin/gcc -c -g  conftest.c >&5
configure:2562: $? = 0
configure:2603: result: yes
configure:2620: checking for /usr/bin/gcc option to accept ISO C89
configure:2683: /usr/bin/gcc  -c -fuse-ld=gold  conftest.c >&5
configure:2683: $? = 0
configure:2696: result: none needed
configure:2722: checking how to run the C preprocessor
configure:2753: /usr/bin/gcc -E  conftest.c
configure:2753: $? = 0
configure:2767: /usr/bin/gcc -E  conftest.c
conftest.c:9:10: fatal error: ac_nonexistent.h: No such file or directory
    9 | #include <ac_nonexistent.h>
      |          ^~~~~~~~~~~~~~~~~~
compilation terminated.
configure:2767: $? = 1
configure: failed program was:
| /* confdefs.h */
| #define PACKAGE_NAME "Pcap"
| #define PACKAGE_TARNAME "pcap"
| #define PACKAGE_VERSION "0.5"
| #define PACKAGE_STRING "Pcap 0.5"
| #define PACKAGE_BUGREPORT "bos@serpentine.com"
| #define PACKAGE_URL ""
| /* end confdefs.h.  */
| #include <ac_nonexistent.h>
configure:2792: result: /usr/bin/gcc -E
configure:2812: /usr/bin/gcc -E  conftest.c
configure:2812: $? = 0
configure:2826: /usr/bin/gcc -E  conftest.c
conftest.c:9:10: fatal error: ac_nonexistent.h: No such file or directory
    9 | #include <ac_nonexistent.h>
      |          ^~~~~~~~~~~~~~~~~~
compilation terminated.
configure:2826: $? = 1
configure: failed program was:
| /* confdefs.h */
| #define PACKAGE_NAME "Pcap"
| #define PACKAGE_TARNAME "pcap"
| #define PACKAGE_VERSION "0.5"
| #define PACKAGE_STRING "Pcap 0.5"
| #define PACKAGE_BUGREPORT "bos@serpentine.com"
| #define PACKAGE_URL ""
| /* end confdefs.h.  */
| #include <ac_nonexistent.h>
configure:2855: checking for grep that handles long lines and -e
configure:2913: result: /usr/bin/grep
configure:2918: checking for egrep
configure:2980: result: /usr/bin/grep -E
configure:2985: checking for ANSI C header files
configure:3005: /usr/bin/gcc -c -fuse-ld=gold  conftest.c >&5
configure:3005: $? = 0
configure:3078: /usr/bin/gcc -o conftest -fuse-ld=gold   conftest.c  >&5
configure:3078: $? = 0
configure:3078: ./conftest
configure:3078: $? = 0
configure:3089: result: yes
configure:3102: checking for sys/types.h
configure:3102: /usr/bin/gcc -c -fuse-ld=gold  conftest.c >&5
configure:3102: $? = 0
configure:3102: result: yes
configure:3102: checking for sys/stat.h
configure:3102: /usr/bin/gcc -c -fuse-ld=gold  conftest.c >&5
configure:3102: $? = 0
configure:3102: result: yes
configure:3102: checking for stdlib.h
configure:3102: /usr/bin/gcc -c -fuse-ld=gold  conftest.c >&5
configure:3102: $? = 0
configure:3102: result: yes
configure:3102: checking for string.h
configure:3102: /usr/bin/gcc -c -fuse-ld=gold  conftest.c >&5
configure:3102: $? = 0
configure:3102: result: yes
configure:3102: checking for memory.h
configure:3102: /usr/bin/gcc -c -fuse-ld=gold  conftest.c >&5
configure:3102: $? = 0
configure:3102: result: yes
configure:3102: checking for strings.h
configure:3102: /usr/bin/gcc -c -fuse-ld=gold  conftest.c >&5
configure:3102: $? = 0
configure:3102: result: yes
configure:3102: checking for inttypes.h
configure:3102: /usr/bin/gcc -c -fuse-ld=gold  conftest.c >&5
configure:3102: $? = 0
configure:3102: result: yes
configure:3102: checking for stdint.h
configure:3102: /usr/bin/gcc -c -fuse-ld=gold  conftest.c >&5
configure:3102: $? = 0
configure:3102: result: yes
configure:3102: checking for unistd.h
configure:3102: /usr/bin/gcc -c -fuse-ld=gold  conftest.c >&5
configure:3102: $? = 0
configure:3102: result: yes
configure:3114: checking for struct sockaddr.sa_len
configure:3114: /usr/bin/gcc -c -fuse-ld=gold  conftest.c >&5
conftest.c: In function 'main':
conftest.c:55:24: error: storage size of 'ac_aggr' isn't known
   55 | static struct sockaddr ac_aggr;
      |                        ^~~~~~~
configure:3114: $? = 1
configure: failed program was:
| /* confdefs.h */
| #define PACKAGE_NAME "Pcap"
| #define PACKAGE_TARNAME "pcap"
| #define PACKAGE_VERSION "0.5"
| #define PACKAGE_STRING "Pcap 0.5"
| #define PACKAGE_BUGREPORT "bos@serpentine.com"
| #define PACKAGE_URL ""
| #define STDC_HEADERS 1
| #define HAVE_SYS_TYPES_H 1
| #define HAVE_SYS_STAT_H 1
| #define HAVE_STDLIB_H 1
| #define HAVE_STRING_H 1
| #define HAVE_MEMORY_H 1
| #define HAVE_STRINGS_H 1
| #define HAVE_INTTYPES_H 1
| #define HAVE_STDINT_H 1
| #define HAVE_UNISTD_H 1
| /* end confdefs.h.  */
| #include <stdio.h>
| #ifdef HAVE_SYS_TYPES_H
| # include <sys/types.h>
| #endif
| #ifdef HAVE_SYS_STAT_H
| # include <sys/stat.h>
| #endif
| #ifdef STDC_HEADERS
| # include <stdlib.h>
| # include <stddef.h>
| #else
| # ifdef HAVE_STDLIB_H
| #  include <stdlib.h>
| # endif
| #endif
| #ifdef HAVE_STRING_H
| # if !defined STDC_HEADERS && defined HAVE_MEMORY_H
| #  include <memory.h>
| # endif
| # include <string.h>
| #endif
| #ifdef HAVE_STRINGS_H
| # include <strings.h>
| #endif
| #ifdef HAVE_INTTYPES_H
| # include <inttypes.h>
| #endif
| #ifdef HAVE_STDINT_H
| # include <stdint.h>
| #endif
| #ifdef HAVE_UNISTD_H
| # include <unistd.h>
| #endif
| int
| main ()
| {
| static struct sockaddr ac_aggr;
| if (ac_aggr.sa_len)
| return 0;
|   ;
|   return 0;
| }
configure:3114: /usr/bin/gcc -c -fuse-ld=gold  conftest.c >&5
conftest.c: In function 'main':
conftest.c:55:24: error: storage size of 'ac_aggr' isn't known
   55 | static struct sockaddr ac_aggr;
      |                        ^~~~~~~
configure:3114: $? = 1
configure: failed program was:
| /* confdefs.h */
| #define PACKAGE_NAME "Pcap"
| #define PACKAGE_TARNAME "pcap"
| #define PACKAGE_VERSION "0.5"
| #define PACKAGE_STRING "Pcap 0.5"
| #define PACKAGE_BUGREPORT "bos@serpentine.com"
| #define PACKAGE_URL ""
| #define STDC_HEADERS 1
| #define HAVE_SYS_TYPES_H 1
| #define HAVE_SYS_STAT_H 1
| #define HAVE_STDLIB_H 1
| #define HAVE_STRING_H 1
| #define HAVE_MEMORY_H 1
| #define HAVE_STRINGS_H 1
| #define HAVE_INTTYPES_H 1
| #define HAVE_STDINT_H 1
| #define HAVE_UNISTD_H 1
| /* end confdefs.h.  */
| #include <stdio.h>
| #ifdef HAVE_SYS_TYPES_H
| # include <sys/types.h>
| #endif
| #ifdef HAVE_SYS_STAT_H
| # include <sys/stat.h>
| #endif
| #ifdef STDC_HEADERS
| # include <stdlib.h>
| # include <stddef.h>
| #else
| # ifdef HAVE_STDLIB_H
| #  include <stdlib.h>
| # endif
| #endif
| #ifdef HAVE_STRING_H
| # if !defined STDC_HEADERS && defined HAVE_MEMORY_H
| #  include <memory.h>
| # endif
| # include <string.h>
| #endif
| #ifdef HAVE_STRINGS_H
| # include <strings.h>
| #endif
| #ifdef HAVE_INTTYPES_H
| # include <inttypes.h>
| #endif
| #ifdef HAVE_STDINT_H
| # include <stdint.h>
| #endif
| #ifdef HAVE_UNISTD_H
| # include <unistd.h>
| #endif
| int
| main ()
| {
| static struct sockaddr ac_aggr;
| if (sizeof ac_aggr.sa_len)
| return 0;
|   ;
|   return 0;
| }
configure:3114: result: no
configure:3248: creating ./config.status

## ---------------------- ##
## Running config.status. ##
## ---------------------- ##

This file was extended by Pcap config.status 0.5, which was
generated by GNU Autoconf 2.69.  Invocation command line was

  CONFIG_FILES    = 
  CONFIG_HEADERS  = 
  CONFIG_LINKS    = 
  CONFIG_COMMANDS = 
  $ ./config.status 

on localhost.localdomain

config.status:797: creating pcap.buildinfo
config.status:797: creating include/pcapconfig.h
config.status:952: include/pcapconfig.h is unchanged

## ---------------- ##
## Cache variables. ##
## ---------------- ##

ac_cv_c_compiler_gnu=yes
ac_cv_env_CC_set=set
ac_cv_env_CC_value=/usr/bin/gcc
ac_cv_env_CFLAGS_set=set
ac_cv_env_CFLAGS_value=-fuse-ld=gold
ac_cv_env_CPPFLAGS_set=
ac_cv_env_CPPFLAGS_value=
ac_cv_env_CPP_set=
ac_cv_env_CPP_value=
ac_cv_env_LDFLAGS_set=
ac_cv_env_LDFLAGS_value=
ac_cv_env_LIBS_set=
ac_cv_env_LIBS_value=
ac_cv_env_build_alias_set=
ac_cv_env_build_alias_value=
ac_cv_env_host_alias_set=
ac_cv_env_host_alias_value=
ac_cv_env_target_alias_set=
ac_cv_env_target_alias_value=
ac_cv_header_inttypes_h=yes
ac_cv_header_memory_h=yes
ac_cv_header_stdc=yes
ac_cv_header_stdint_h=yes
ac_cv_header_stdlib_h=yes
ac_cv_header_string_h=yes
ac_cv_header_strings_h=yes
ac_cv_header_sys_stat_h=yes
ac_cv_header_sys_types_h=yes
ac_cv_header_unistd_h=yes
ac_cv_member_struct_sockaddr_sa_len=no
ac_cv_objext=o
ac_cv_path_EGREP='/usr/bin/grep -E'
ac_cv_path_GREP=/usr/bin/grep
ac_cv_prog_CPP='/usr/bin/gcc -E'
ac_cv_prog_ac_ct_CC=/usr/bin/gcc
ac_cv_prog_cc_c89=
ac_cv_prog_cc_g=yes

## ----------------- ##
## Output variables. ##
## ----------------- ##

CALLCONV='ccall'
CC='/usr/bin/gcc'
CFLAGS='-fuse-ld=gold'
CPP='/usr/bin/gcc -E'
CPPFLAGS=''
DEFS='-DHAVE_CONFIG_H'
ECHO_C=''
ECHO_N='-n'
ECHO_T=''
EGREP='/usr/bin/grep -E'
EXEEXT=''
EXTRA_LIBS='pcap'
GREP='/usr/bin/grep'
LDFLAGS=''
LIBOBJS=''
LIBS=''
LTLIBOBJS=''
OBJEXT='o'
PACKAGE_BUGREPORT='bos@serpentine.com'
PACKAGE_NAME='Pcap'
PACKAGE_STRING='Pcap 0.5'
PACKAGE_TARNAME='pcap'
PACKAGE_URL=''
PACKAGE_VERSION='0.5'
PATH_SEPARATOR=':'
SHELL='/bin/sh'
ac_ct_CC='/usr/bin/gcc'
bindir='/home/gnumonic/Code/Haskell/pcap/.stack-work/install/x86_64-linux-tinfo6/5c1256c87d5a417786f93618fe73b623283ef6fe0301c0d850c5f20c30ee3730/8.8.4/bin'
build_alias=''
datadir='/home/gnumonic/Code/Haskell/pcap/.stack-work/install/x86_64-linux-tinfo6/5c1256c87d5a417786f93618fe73b623283ef6fe0301c0d850c5f20c30ee3730/8.8.4/share'
datarootdir='${prefix}/share'
docdir='${datarootdir}/doc/${PACKAGE_TARNAME}'
dvidir='${docdir}'
exec_prefix='${prefix}'
host_alias=''
htmldir='${docdir}'
includedir='${prefix}/include'
infodir='${datarootdir}/info'
libdir='/home/gnumonic/Code/Haskell/pcap/.stack-work/install/x86_64-linux-tinfo6/5c1256c87d5a417786f93618fe73b623283ef6fe0301c0d850c5f20c30ee3730/8.8.4/lib'
libexecdir='/home/gnumonic/Code/Haskell/pcap/.stack-work/install/x86_64-linux-tinfo6/5c1256c87d5a417786f93618fe73b623283ef6fe0301c0d850c5f20c30ee3730/8.8.4/libexec'
localedir='${datarootdir}/locale'
localstatedir='${prefix}/var'
mandir='${datarootdir}/man'
oldincludedir='/usr/include'
pdfdir='${docdir}'
prefix='/usr/local'
program_transform_name='s,x,x,'
psdir='${docdir}'
sbindir='${exec_prefix}/sbin'
sharedstatedir='${prefix}/com'
sysconfdir='/home/gnumonic/Code/Haskell/pcap/.stack-work/install/x86_64-linux-tinfo6/5c1256c87d5a417786f93618fe73b623283ef6fe0301c0d850c5f20c30ee3730/8.8.4/etc'
target_alias=''

## ----------- ##
## confdefs.h. ##
## ----------- ##

/* confdefs.h */
#define PACKAGE_NAME "Pcap"
#define PACKAGE_TARNAME "pcap"
#define PACKAGE_VERSION "0.5"
#define PACKAGE_STRING "Pcap 0.5"
#define PACKAGE_BUGREPORT "bos@serpentine.com"
#define PACKAGE_URL ""
#define STDC_HEADERS 1
#define HAVE_SYS_TYPES_H 1
#define HAVE_SYS_STAT_H 1
#define HAVE_STDLIB_H 1
#define HAVE_STRING_H 1
#define HAVE_MEMORY_H 1
#define HAVE_STRINGS_H 1
#define HAVE_INTTYPES_H 1
#define HAVE_STDINT_H 1
#define HAVE_UNISTD_H 1

configure: exit 0
